[2022-06-18T13:48:30.762Z] Log level: Info
[2022-06-18T13:48:30.763Z] [info] Validating found git in: git
[2022-06-18T13:48:30.957Z] [info] Using git 2.36.1 from git
[2022-06-18T13:48:30.979Z] > git rev-parse --show-toplevel [11ms]
[2022-06-18T13:48:30.990Z] > git rev-parse --git-dir --git-common-dir [4ms]
[2022-06-18T13:48:30.993Z] [info] Open repository: /home/nlmz94/Documents/dotfiles
[2022-06-18T13:48:31.171Z] > git status -z -uall [173ms]
[2022-06-18T13:48:31.190Z] > git symbolic-ref --short HEAD [13ms]
[2022-06-18T13:48:31.205Z] > git for-each-ref --format=%(refname)%00%(upstream:short)%00%(objectname)%00%(upstream:track)%00%(upstream:remotename)%00%(upstream:remoteref) refs/heads/main refs/remotes/main [10ms]
[2022-06-18T13:48:31.228Z] > git for-each-ref --sort -committerdate --format %(refname) %(objectname) %(*objectname) [19ms]
[2022-06-18T13:48:31.231Z] > git remote --verbose [18ms]
[2022-06-18T13:48:31.240Z] > git config --get commit.template [2ms]
[2022-06-18T13:48:31.508Z] > git check-ignore -v -z --stdin [2ms]
[2022-06-18T13:48:31.552Z] > git show --textconv :home/install [6ms]
[2022-06-18T13:48:31.553Z] > git ls-files --stage -- /home/nlmz94/Documents/dotfiles/home/install [1ms]
[2022-06-18T13:48:31.559Z] > git cat-file -s 1a4c3ecd2a96708241a4e172da171c2d110da4fd [1ms]
[2022-06-18T13:49:03.139Z] > git fetch [815ms]
[2022-06-18T13:49:03.265Z] > git status -z -uall [120ms]
[2022-06-18T13:49:03.272Z] > git symbolic-ref --short HEAD [1ms]
[2022-06-18T13:49:03.277Z] > git for-each-ref --format=%(refname)%00%(upstream:short)%00%(objectname)%00%(upstream:track)%00%(upstream:remotename)%00%(upstream:remoteref) refs/heads/main refs/remotes/main [0ms]
[2022-06-18T13:49:03.288Z] > git for-each-ref --sort -committerdate --format %(refname) %(objectname) %(*objectname) [5ms]
[2022-06-18T13:49:03.288Z] > git remote --verbose [1ms]
[2022-06-18T13:49:03.296Z] > git config --get commit.template [1ms]
[2022-06-18T13:49:16.892Z] > git ls-files --stage -- /home/nlmz94/Documents/dotfiles/home/install [1ms]
[2022-06-18T13:49:16.896Z] > git cat-file -s 1a4c3ecd2a96708241a4e172da171c2d110da4fd [0ms]
[2022-06-18T13:49:16.904Z] > git show --textconv :home/install [1ms]
[2022-06-18T13:49:17.007Z] > git status -z -uall [125ms]
[2022-06-18T13:49:17.014Z] > git symbolic-ref --short HEAD [1ms]
[2022-06-18T13:49:17.020Z] > git for-each-ref --format=%(refname)%00%(upstream:short)%00%(objectname)%00%(upstream:track)%00%(upstream:remotename)%00%(upstream:remoteref) refs/heads/main refs/remotes/main [0ms]
[2022-06-18T13:49:17.029Z] > git remote --verbose [0ms]
[2022-06-18T13:49:17.030Z] > git for-each-ref --sort -committerdate --format %(refname) %(objectname) %(*objectname) [4ms]
[2022-06-18T13:49:17.039Z] > git config --get commit.template [1ms]
[2022-06-18T13:49:20.524Z] > git show --textconv :packages [4ms]
[2022-06-18T13:49:20.525Z] > git ls-files --stage -- /home/nlmz94/Documents/dotfiles/packages [1ms]
[2022-06-18T13:49:20.530Z] > git cat-file -s 843fd2b533322fdb1843217749b8fc4a8f2880df [1ms]
[2022-06-18T13:49:24.719Z] > git show --textconv :README.md [82ms]
[2022-06-18T13:49:24.719Z] > git ls-files --stage -- /home/nlmz94/Documents/dotfiles/README.md [78ms]
[2022-06-18T13:49:24.738Z] > git cat-file -s 5ec7e7410d6a4d995494778842dd2169f1d30666 [15ms]
[2022-06-18T13:49:27.746Z] > git show --textconv :packages [6ms]
[2022-06-18T13:49:27.746Z] > git ls-files --stage -- /home/nlmz94/Documents/dotfiles/packages [1ms]
[2022-06-18T13:49:27.752Z] > git cat-file -s 843fd2b533322fdb1843217749b8fc4a8f2880df [0ms]
[2022-06-18T13:50:08.632Z] > git status -z -uall [122ms]
[2022-06-18T13:50:08.638Z] > git symbolic-ref --short HEAD [0ms]
[2022-06-18T13:50:08.644Z] > git for-each-ref --format=%(refname)%00%(upstream:short)%00%(objectname)%00%(upstream:track)%00%(upstream:remotename)%00%(upstream:remoteref) refs/heads/main refs/remotes/main [0ms]
[2022-06-18T13:50:08.657Z] > git remote --verbose [1ms]
[2022-06-18T13:50:08.658Z] > git for-each-ref --sort -committerdate --format %(refname) %(objectname) %(*objectname) [8ms]
[2022-06-18T13:50:08.667Z] > git config --get commit.template [1ms]
