["INFO" - 3:48:31 PM] Extension Name: esbenp.prettier-vscode.
["INFO" - 3:48:31 PM] Extension Version: 9.5.0.
["INFO" - 3:49:41 PM] Formatting vscode-userdata:/home/nlmz94/.config/Code/User/settings.json
["INFO" - 3:49:42 PM] File Info:
{
  "ignored": false,
  "inferredParser": "json"
}
["INFO" - 3:49:42 PM] No local configuration (i.e. .prettierrc or .editorconfig) detected, falling back to VS Code configuration
["INFO" - 3:49:42 PM] Prettier Options:
{
  "arrowParens": "always",
  "bracketSpacing": true,
  "endOfLine": "lf",
  "htmlWhitespaceSensitivity": "css",
  "insertPragma": false,
  "jsxBracketSameLine": false,
  "jsxSingleQuote": false,
  "printWidth": 80,
  "proseWrap": "preserve",
  "quoteProps": "as-needed",
  "requirePragma": false,
  "semi": true,
  "singleQuote": false,
  "tabWidth": 2,
  "trailingComma": "es5",
  "useTabs": true,
  "vueIndentScriptAndStyle": false,
  "filepath": "/home/nlmz94/.config/Code/User/settings.json",
  "parser": "json"
}
["INFO" - 3:49:42 PM] Formatting completed in 0.108ms.
