[2022-06-18 14:06:34.505] [settingssync] [info] Using settings sync service https://vscode-sync.trafficmanager.net/
[2022-06-18 14:06:34.505] [settingssync] [info] Auto Sync is enabled.
[2022-06-18 14:06:34.505] [settingssync] [info] Auto Sync: Suspended until auth token is available.
[2022-06-18 14:06:45.713] [settingssync] [info] Auto Sync: Started
[2022-06-18 14:06:45.713] [settingssync] [info] Auto Sync: Triggered by Interval
[2022-06-18 14:06:46.935] [settingssync] [info] Settings: Updated remote settings
[2022-06-18 14:06:46.941] [settingssync] [info] Settings: Updated last synchronized settings
[2022-06-18 14:06:46.952] [settingssync] [info] Keybindings: No changes found during synchronizing keybindings.
[2022-06-18 14:06:46.955] [settingssync] [info] Snippets: No changes found during synchronizing snippets.
[2022-06-18 14:06:46.958] [settingssync] [info] Tasks: No changes found during synchronizing tasks.
[2022-06-18 14:06:47.421] [settingssync] [info] GlobalState: Updated remote ui state
[2022-06-18 14:06:47.425] [settingssync] [info] GlobalState: Updated last synchronized ui state
[2022-06-18 14:06:47.533] [settingssync] [info] Extensions: No changes found during synchronizing extensions.
[2022-06-18 14:06:47.534] [settingssync] [info] Sync done. Took 1092ms
[2022-06-18 14:06:57.373] [settingssync] [info] Auto Sync: Triggered by Activity
[2022-06-18 14:06:57.443] [settingssync] [info] Settings: No changes found during synchronizing settings.
[2022-06-18 14:06:57.446] [settingssync] [info] Keybindings: No changes found during synchronizing keybindings.
[2022-06-18 14:06:57.448] [settingssync] [info] Snippets: No changes found during synchronizing snippets.
[2022-06-18 14:06:57.451] [settingssync] [info] Tasks: No changes found during synchronizing tasks.
[2022-06-18 14:06:57.454] [settingssync] [info] GlobalState: No changes found during synchronizing ui state.
[2022-06-18 14:06:57.533] [settingssync] [info] Extensions: No changes found during synchronizing extensions.
[2022-06-18 14:06:57.534] [settingssync] [info] Sync done. Took 100ms
