[2022-06-18 14:20:24.090] [exthost] [info] Extension host with pid 21536 started
[2022-06-18 14:20:24.124] [exthost] [info] ExtensionService#_doActivateExtension ms-python.python, startup: false, activationEvent: 'onWalkthrough:pythonWelcome'
[2022-06-18 14:20:24.168] [exthost] [info] ExtensionService#_doActivateExtension vscode.microsoft-authentication, startup: false, activationEvent: 'onAuthenticationRequest:microsoft'
[2022-06-18 14:20:24.179] [exthost] [info] ExtensionService#_doActivateExtension vscode.debug-auto-launch, startup: true, activationEvent: '*'
[2022-06-18 14:20:24.181] [exthost] [info] ExtensionService#_doActivateExtension vscode.git-base, startup: true, activationEvent: '*', root cause: vscode.git
[2022-06-18 14:20:24.182] [exthost] [info] ExtensionService#_doActivateExtension vscode.ipynb, startup: true, activationEvent: '*'
[2022-06-18 14:20:24.187] [exthost] [info] ExtensionService#_doActivateExtension mhutchie.git-graph, startup: true, activationEvent: '*'
[2022-06-18 14:20:24.197] [exthost] [info] ExtensionService#_doActivateExtension ms-mssql.data-workspace-vscode, startup: true, activationEvent: '*'
[2022-06-18 14:20:24.218] [exthost] [info] ExtensionService#_doActivateExtension natqe.reload, startup: true, activationEvent: '*'
[2022-06-18 14:20:24.219] [exthost] [info] ExtensionService#_doActivateExtension RobbOwen.synthwave-vscode, startup: true, activationEvent: '*'
[2022-06-18 14:20:24.221] [exthost] [info] ExtensionService#_doActivateExtension WallabyJs.quokka-vscode, startup: true, activationEvent: '*'
[2022-06-18 14:20:24.352] [exthost] [info] ExtensionService#_doActivateExtension vscode.git, startup: true, activationEvent: '*'
[2022-06-18 14:20:24.364] [exthost] [info] ExtensionService#_doActivateExtension vscode.github, startup: true, activationEvent: '*'
[2022-06-18 14:20:24.433] [exthost] [info] Eager extensions activated
[2022-06-18 14:20:24.446] [exthost] [info] ExtensionService#_doActivateExtension vscode.emmet, startup: false, activationEvent: 'onStartupFinished'
[2022-06-18 14:20:24.451] [exthost] [info] ExtensionService#_doActivateExtension vscode.merge-conflict, startup: false, activationEvent: 'onStartupFinished'
[2022-06-18 14:20:24.452] [exthost] [info] ExtensionService#_doActivateExtension eamodio.gitlens, startup: false, activationEvent: 'onStartupFinished'
[2022-06-18 14:20:24.485] [exthost] [info] ExtensionService#_doActivateExtension esbenp.prettier-vscode, startup: false, activationEvent: 'onStartupFinished'
[2022-06-18 14:20:24.568] [exthost] [info] ExtensionService#_doActivateExtension PKief.material-icon-theme, startup: false, activationEvent: 'onStartupFinished'
[2022-06-18 14:20:24.576] [exthost] [info] ExtensionService#_doActivateExtension ritwickdey.LiveServer, startup: false, activationEvent: 'onStartupFinished'
[2022-06-18 14:20:24.650] [exthost] [info] ExtensionService#_doActivateExtension vscode.github-authentication, startup: false, activationEvent: 'onAuthenticationRequest:github'
[2022-06-18 14:20:25.477] [exthost] [info] ExtensionService#_doActivateExtension vscode.configuration-editing, startup: false, activationEvent: 'onLanguage:jsonc'
[2022-06-18 14:20:25.480] [exthost] [info] ExtensionService#_doActivateExtension vscode.json-language-features, startup: false, activationEvent: 'onLanguage:jsonc'
[2022-06-18 14:20:25.522] [exthost] [info] ExtensionService#_doActivateExtension vscode.typescript-language-features, startup: false, activationEvent: 'onLanguage:jsonc'
[2022-06-18 14:21:20.265] [exthost] [info] Extension host terminating: received terminate message from renderer
[2022-06-18 14:21:20.291] [exthost] [error] Error: read ECONNRESET
	at Pipe.onStreamRead (node:internal/stream_base_commons:220:20)
[2022-06-18 14:21:20.292] [exthost] [info] Extension host with pid 21536 exiting with code 0
[2022-06-18 14:21:21.387] [exthost] [info] Extension host with pid 22108 started
[2022-06-18 14:21:21.424] [exthost] [info] ExtensionService#_doActivateExtension ms-python.python, startup: false, activationEvent: 'onWalkthrough:pythonWelcome'
[2022-06-18 14:21:21.467] [exthost] [info] ExtensionService#_doActivateExtension vscode.microsoft-authentication, startup: false, activationEvent: 'onAuthenticationRequest:microsoft'
[2022-06-18 14:21:21.477] [exthost] [info] ExtensionService#_doActivateExtension vscode.debug-auto-launch, startup: true, activationEvent: '*'
[2022-06-18 14:21:21.478] [exthost] [info] ExtensionService#_doActivateExtension vscode.git-base, startup: true, activationEvent: '*', root cause: vscode.git
[2022-06-18 14:21:21.479] [exthost] [info] ExtensionService#_doActivateExtension vscode.ipynb, startup: true, activationEvent: '*'
[2022-06-18 14:21:21.484] [exthost] [info] ExtensionService#_doActivateExtension mhutchie.git-graph, startup: true, activationEvent: '*'
[2022-06-18 14:21:21.491] [exthost] [info] ExtensionService#_doActivateExtension ms-mssql.data-workspace-vscode, startup: true, activationEvent: '*'
[2022-06-18 14:21:21.511] [exthost] [info] ExtensionService#_doActivateExtension natqe.reload, startup: true, activationEvent: '*'
[2022-06-18 14:21:21.512] [exthost] [info] ExtensionService#_doActivateExtension RobbOwen.synthwave-vscode, startup: true, activationEvent: '*'
[2022-06-18 14:21:21.515] [exthost] [info] ExtensionService#_doActivateExtension WallabyJs.quokka-vscode, startup: true, activationEvent: '*'
[2022-06-18 14:21:21.666] [exthost] [info] ExtensionService#_doActivateExtension vscode.git, startup: true, activationEvent: '*'
[2022-06-18 14:21:21.678] [exthost] [info] ExtensionService#_doActivateExtension vscode.github, startup: true, activationEvent: '*'
[2022-06-18 14:21:21.769] [exthost] [info] Eager extensions activated
[2022-06-18 14:21:21.793] [exthost] [info] ExtensionService#_doActivateExtension vscode.emmet, startup: false, activationEvent: 'onStartupFinished'
[2022-06-18 14:21:21.796] [exthost] [info] ExtensionService#_doActivateExtension vscode.merge-conflict, startup: false, activationEvent: 'onStartupFinished'
[2022-06-18 14:21:21.797] [exthost] [info] ExtensionService#_doActivateExtension eamodio.gitlens, startup: false, activationEvent: 'onStartupFinished'
[2022-06-18 14:21:21.818] [exthost] [info] ExtensionService#_doActivateExtension esbenp.prettier-vscode, startup: false, activationEvent: 'onStartupFinished'
[2022-06-18 14:21:21.872] [exthost] [info] ExtensionService#_doActivateExtension PKief.material-icon-theme, startup: false, activationEvent: 'onStartupFinished'
[2022-06-18 14:21:21.878] [exthost] [info] ExtensionService#_doActivateExtension ritwickdey.LiveServer, startup: false, activationEvent: 'onStartupFinished'
[2022-06-18 14:21:21.939] [exthost] [info] ExtensionService#_doActivateExtension vscode.github-authentication, startup: false, activationEvent: 'onAuthenticationRequest:github'
[2022-06-18 14:22:03.538] [exthost] [info] Extension host terminating: received terminate message from renderer
[2022-06-18 14:22:03.558] [exthost] [info] Extension host with pid 22108 exiting with code 0
[2022-06-18 14:22:04.984] [exthost] [info] Extension host with pid 22437 started
[2022-06-18 14:22:04.984] [exthost] [info] Skipping acquiring lock for /home/nlmz94/.config/Code/User/workspaceStorage/b08ab913451ece218e18aa1c6bd6ded9.
[2022-06-18 14:22:05.044] [exthost] [info] ExtensionService#_doActivateExtension vscode.microsoft-authentication, startup: false, activationEvent: 'onAuthenticationRequest:microsoft'
[2022-06-18 14:22:05.053] [exthost] [info] ExtensionService#_doActivateExtension vscode.debug-auto-launch, startup: true, activationEvent: '*'
[2022-06-18 14:22:05.054] [exthost] [info] ExtensionService#_doActivateExtension vscode.git-base, startup: true, activationEvent: '*'
[2022-06-18 14:22:05.055] [exthost] [info] ExtensionService#_doActivateExtension vscode.ipynb, startup: true, activationEvent: '*'
[2022-06-18 14:22:05.056] [exthost] [info] ExtensionService#_doActivateExtension ms-mssql.data-workspace-vscode, startup: true, activationEvent: '*'
[2022-06-18 14:22:05.078] [exthost] [info] ExtensionService#_doActivateExtension WallabyJs.quokka-vscode, startup: true, activationEvent: '*'
[2022-06-18 14:22:05.189] [exthost] [info] ExtensionService#_doActivateExtension ms-mssql.mssql, startup: false, activationEvent: 'api', root cause: ms-mssql.data-workspace-vscode
[2022-06-18 14:22:05.424] [exthost] [info] ExtensionService#_doActivateExtension vscode.github, startup: true, activationEvent: '*'
[2022-06-18 14:22:05.446] [exthost] [info] Eager extensions activated
[2022-06-18 14:22:05.514] [exthost] [info] ExtensionService#_doActivateExtension vscode.emmet, startup: false, activationEvent: 'onStartupFinished'
[2022-06-18 14:22:05.519] [exthost] [info] ExtensionService#_doActivateExtension vscode.merge-conflict, startup: false, activationEvent: 'onStartupFinished'
[2022-06-18 14:22:05.520] [exthost] [info] ExtensionService#_doActivateExtension eamodio.gitlens, startup: false, activationEvent: 'onStartupFinished'
[2022-06-18 14:22:05.540] [exthost] [info] ExtensionService#_doActivateExtension esbenp.prettier-vscode, startup: false, activationEvent: 'onStartupFinished'
[2022-06-18 14:22:05.626] [exthost] [info] ExtensionService#_doActivateExtension PKief.material-icon-theme, startup: false, activationEvent: 'onStartupFinished'
[2022-06-18 14:22:05.695] [exthost] [info] ExtensionService#_doActivateExtension vscode.github-authentication, startup: false, activationEvent: 'onAuthenticationRequest:github'
[2022-06-18 14:22:08.958] [exthost] [info] ExtensionService#_doActivateExtension ms-mssql.sql-database-projects-vscode, startup: false, activationEvent: 'api', root cause: ms-mssql.data-workspace-vscode
[2022-06-18 14:22:09.050] [exthost] [info] ExtensionService#_doActivateExtension vscode.git, startup: false, activationEvent: 'api', root cause: vscode.github
[2022-06-18 14:22:09.102] [exthost] [info] ExtensionService#_doActivateExtension mhutchie.git-graph, startup: false, activationEvent: '*'
[2022-06-18 14:22:09.111] [exthost] [info] ExtensionService#_doActivateExtension natqe.reload, startup: false, activationEvent: '*'
[2022-06-18 14:22:09.112] [exthost] [info] ExtensionService#_doActivateExtension ritwickdey.LiveServer, startup: false, activationEvent: 'onStartupFinished'
[2022-06-18 14:22:09.163] [exthost] [info] ExtensionService#_doActivateExtension RobbOwen.synthwave-vscode, startup: false, activationEvent: '*'
[2022-06-18 14:22:14.350] [exthost] [info] ExtensionService#_doActivateExtension mechatroner.rainbow-csv, startup: false, activationEvent: 'onLanguage:plaintext'
