[2022-06-18 14:05:52.819] [exthost] [info] Extension host with pid 14282 started
[2022-06-18 14:05:52.862] [exthost] [info] ExtensionService#_doActivateExtension vscode.microsoft-authentication, startup: false, activationEvent: 'onAuthenticationRequest:microsoft'
[2022-06-18 14:05:52.894] [exthost] [info] ExtensionService#_doActivateExtension vscode.debug-auto-launch, startup: true, activationEvent: '*'
[2022-06-18 14:05:52.896] [exthost] [info] ExtensionService#_doActivateExtension vscode.git-base, startup: true, activationEvent: '*', root cause: vscode.git
[2022-06-18 14:05:52.898] [exthost] [info] ExtensionService#_doActivateExtension vscode.ipynb, startup: true, activationEvent: '*'
[2022-06-18 14:05:52.930] [exthost] [info] ExtensionService#_doActivateExtension vscode.git, startup: true, activationEvent: '*'
[2022-06-18 14:05:52.979] [exthost] [info] ExtensionService#_doActivateExtension vscode.github, startup: true, activationEvent: '*'
[2022-06-18 14:05:53.042] [exthost] [info] Eager extensions activated
[2022-06-18 14:05:53.042] [exthost] [info] ExtensionService#_doActivateExtension vscode.github-authentication, startup: false, activationEvent: 'onAuthenticationRequest:github'
[2022-06-18 14:05:53.073] [exthost] [info] ExtensionService#_doActivateExtension vscode.emmet, startup: false, activationEvent: 'onStartupFinished'
[2022-06-18 14:05:53.083] [exthost] [info] ExtensionService#_doActivateExtension vscode.merge-conflict, startup: false, activationEvent: 'onStartupFinished'
[2022-06-18 14:06:11.874] [exthost] [info] ExtensionService#_doActivateExtension natqe.reload, startup: false, activationEvent: '*'
[2022-06-18 14:06:12.583] [exthost] [info] ExtensionService#_doActivateExtension esbenp.prettier-vscode, startup: false, activationEvent: 'onStartupFinished'
[2022-06-18 14:06:13.700] [exthost] [info] ExtensionService#_doActivateExtension vscjava.vscode-java-pack, startup: false, activationEvent: 'onWalkthrough:javaWelcome'
[2022-06-18 14:06:13.955] [exthost] [info] ExtensionService#_doActivateExtension RobbOwen.synthwave-vscode, startup: false, activationEvent: '*'
[2022-06-18 14:06:14.097] [exthost] [info] ExtensionService#_doActivateExtension mhutchie.git-graph, startup: false, activationEvent: '*'
[2022-06-18 14:06:14.779] [exthost] [info] ExtensionService#_doActivateExtension ritwickdey.LiveServer, startup: false, activationEvent: 'onStartupFinished'
[2022-06-18 14:06:15.660] [exthost] [info] ExtensionService#_doActivateExtension PKief.material-icon-theme, startup: false, activationEvent: 'onStartupFinished'
[2022-06-18 14:06:18.020] [exthost] [info] ExtensionService#_doActivateExtension ms-toolsai.jupyter, startup: false, activationEvent: 'onWalkthrough:jupyterWelcome'
[2022-06-18 14:06:18.793] [exthost] [info] ExtensionService#_doActivateExtension ms-mssql.data-workspace-vscode, startup: false, activationEvent: '*'
[2022-06-18 14:06:21.745] [exthost] [info] ExtensionService#_doActivateExtension eamodio.gitlens, startup: false, activationEvent: 'onStartupFinished'
[2022-06-18 14:06:21.943] [exthost] [info] ExtensionService#_doActivateExtension ms-python.python, startup: false, activationEvent: 'api', root cause: ms-toolsai.jupyter
[2022-06-18 14:06:23.509] [exthost] [info] ExtensionService#_doActivateExtension WallabyJs.quokka-vscode, startup: false, activationEvent: '*'
[2022-06-18 14:06:29.944] [exthost] [info] Extension host terminating: received terminate message from renderer
[2022-06-18 14:06:29.976] [exthost] [info] Extension host with pid 14282 exiting with code 0
