[Info  - 12:05:53.87] Reading sessions from keychain...
[Info  - 12:05:53.103] Getting sessions for user:email...
[Info  - 12:05:53.103] Getting sessions for all scopes...
[Info  - 12:05:53.103] Got 0 sessions for user:email...
[Info  - 12:05:53.103] Got 0 sessions for ...
[Info  - 12:05:56.123] Getting sessions for all scopes...
[Info  - 12:05:56.123] Got 0 sessions for ...
[Info  - 12:05:58.385] Getting sessions for user:email...
[Info  - 12:05:58.385] Got 0 sessions for user:email...
[Info  - 12:05:59.886] Logging in for the following scopes: user:email
[Info  - 12:05:59.898] Trying without local server... (user:email)
[Trace  - 12:06:05.248] Handling Uri...
[Info  - 12:06:05.248] Exchanging code for token...
[Info  - 12:06:05.564] Token exchange success!
[Info  - 12:06:05.564] Getting user info...
[Info  - 12:06:05.795] Got account info!
[Info  - 12:06:05.796] Storing 1 sessions...
[Error  - 12:06:05.822] Setting token failed: Error: GDBus.Error:org.freedesktop.DBus.Error.ServiceUnknown: The name org.freedesktop.secrets was not provided by any .service files
[Info  - 12:06:05.822] Stored 1 sessions!
[Info  - 12:06:05.822] Login success!
[Info  - 12:06:05.828] Getting sessions for user:email...
[Info  - 12:06:05.828] Getting sessions for user:email...
[Info  - 12:06:05.828] Got 1 sessions for user:email...
[Info  - 12:06:05.828] Got 1 sessions for user:email...
[Info  - 12:06:22.126] Getting sessions for all scopes...
[Info  - 12:06:22.126] Got 1 sessions for ...
