[2022-06-18T13:50:15.709Z] Log level: Info
[2022-06-18T13:50:15.716Z] [info] Validating found git in: git
[2022-06-18T13:50:15.734Z] [info] Using git 2.36.1 from git
[2022-06-18T13:50:15.927Z] > git rev-parse --show-toplevel [186ms]
[2022-06-18T13:50:15.945Z] > git rev-parse --git-dir --git-common-dir [13ms]
[2022-06-18T13:50:15.948Z] [info] Open repository: /home/nlmz94/Documents/dotfiles
[2022-06-18T13:50:15.965Z] > git fetch [11ms]
[2022-06-18T13:50:16.150Z] > git status -z -uall [192ms]
[2022-06-18T13:50:16.156Z] > git symbolic-ref --short HEAD [1ms]
[2022-06-18T13:50:16.173Z] > git for-each-ref --format=%(refname)%00%(upstream:short)%00%(objectname)%00%(upstream:track)%00%(upstream:remotename)%00%(upstream:remoteref) refs/heads/main refs/remotes/main [13ms]
[2022-06-18T13:50:16.183Z] > git remote --verbose [2ms]
[2022-06-18T13:50:16.183Z] > git for-each-ref --sort -committerdate --format %(refname) %(objectname) %(*objectname) [6ms]
[2022-06-18T13:50:16.192Z] > git config --get commit.template [1ms]
[2022-06-18T13:50:16.326Z] > git status -z -uall [129ms]
[2022-06-18T13:50:16.331Z] > git symbolic-ref --short HEAD [0ms]
[2022-06-18T13:50:16.339Z] > git for-each-ref --format=%(refname)%00%(upstream:short)%00%(objectname)%00%(upstream:track)%00%(upstream:remotename)%00%(upstream:remoteref) refs/heads/main refs/remotes/main [3ms]
[2022-06-18T13:50:16.348Z] > git for-each-ref --sort -committerdate --format %(refname) %(objectname) %(*objectname) [4ms]
[2022-06-18T13:50:16.349Z] > git remote --verbose [1ms]
[2022-06-18T13:50:16.354Z] > git config --get commit.template [1ms]
[2022-06-18T13:50:16.489Z] > git check-ignore -v -z --stdin [2ms]
[2022-06-18T13:50:16.667Z] > git show --textconv :packages [6ms]
[2022-06-18T13:50:16.668Z] > git ls-files --stage -- /home/nlmz94/Documents/dotfiles/packages [1ms]
[2022-06-18T13:50:16.675Z] > git cat-file -s 843fd2b533322fdb1843217749b8fc4a8f2880df [2ms]
[2022-06-18T13:50:17.214Z] > git ls-files --stage -- /home/nlmz94/Documents/dotfiles/packages [1ms]
[2022-06-18T13:50:17.222Z] > git cat-file -s 843fd2b533322fdb1843217749b8fc4a8f2880df [1ms]
[2022-06-18T13:50:17.232Z] > git show --textconv :packages [1ms]
[2022-06-18T13:51:52.696Z] > git status -z -uall [124ms]
[2022-06-18T13:51:52.703Z] > git symbolic-ref --short HEAD [1ms]
[2022-06-18T13:51:52.710Z] > git for-each-ref --format=%(refname)%00%(upstream:short)%00%(objectname)%00%(upstream:track)%00%(upstream:remotename)%00%(upstream:remoteref) refs/heads/main refs/remotes/main [0ms]
[2022-06-18T13:51:52.724Z] > git remote --verbose [1ms]
[2022-06-18T13:51:52.724Z] > git for-each-ref --sort -committerdate --format %(refname) %(objectname) %(*objectname) [9ms]
[2022-06-18T13:51:52.734Z] > git config --get commit.template [2ms]
[2022-06-18T13:51:59.555Z] > git check-ignore -v -z --stdin [1ms]
[2022-06-18T13:52:02.257Z] > git show --textconv :xsessions/install [4ms]
[2022-06-18T13:52:02.258Z] > git ls-files --stage -- /home/nlmz94/Documents/dotfiles/xsessions/install [1ms]
[2022-06-18T13:52:02.262Z] > git cat-file -s 26d7987429f4a93f7821f4ac5bbabd4566e6c1e3 [1ms]
[2022-06-18T13:52:08.092Z] > git show --textconv :packages [5ms]
[2022-06-18T13:52:08.093Z] > git ls-files --stage -- /home/nlmz94/Documents/dotfiles/packages [1ms]
[2022-06-18T13:52:08.099Z] > git cat-file -s 843fd2b533322fdb1843217749b8fc4a8f2880df [1ms]
[2022-06-18T13:52:13.630Z] > git status -z -uall [123ms]
[2022-06-18T13:52:13.640Z] > git symbolic-ref --short HEAD [1ms]
[2022-06-18T13:52:13.647Z] > git for-each-ref --format=%(refname)%00%(upstream:short)%00%(objectname)%00%(upstream:track)%00%(upstream:remotename)%00%(upstream:remoteref) refs/heads/main refs/remotes/main [1ms]
[2022-06-18T13:52:13.659Z] > git remote --verbose [1ms]
[2022-06-18T13:52:13.659Z] > git for-each-ref --sort -committerdate --format %(refname) %(objectname) %(*objectname) [6ms]
[2022-06-18T13:52:13.667Z] > git config --get commit.template [1ms]
[2022-06-18T13:52:17.982Z] > git check-ignore -v -z --stdin [1ms]
[2022-06-18T13:52:18.793Z] > git status -z -uall [118ms]
[2022-06-18T13:52:18.798Z] > git symbolic-ref --short HEAD [0ms]
[2022-06-18T13:52:18.802Z] > git for-each-ref --format=%(refname)%00%(upstream:short)%00%(objectname)%00%(upstream:track)%00%(upstream:remotename)%00%(upstream:remoteref) refs/heads/main refs/remotes/main [0ms]
[2022-06-18T13:52:18.810Z] > git for-each-ref --sort -committerdate --format %(refname) %(objectname) %(*objectname) [4ms]
[2022-06-18T13:52:18.810Z] > git remote --verbose [1ms]
[2022-06-18T13:52:18.814Z] > git config --get commit.template [0ms]
[2022-06-18T13:52:23.864Z] > git check-ignore -v -z --stdin [2ms]
[2022-06-18T13:52:23.943Z] > git status -z -uall [122ms]
[2022-06-18T13:52:23.948Z] > git symbolic-ref --short HEAD [1ms]
[2022-06-18T13:52:23.953Z] > git for-each-ref --format=%(refname)%00%(upstream:short)%00%(objectname)%00%(upstream:track)%00%(upstream:remotename)%00%(upstream:remoteref) refs/heads/main refs/remotes/main [1ms]
[2022-06-18T13:52:23.959Z] > git for-each-ref --sort -committerdate --format %(refname) %(objectname) %(*objectname) [3ms]
[2022-06-18T13:52:23.959Z] > git remote --verbose [0ms]
[2022-06-18T13:52:23.963Z] > git config --get commit.template [1ms]
[2022-06-18T13:52:25.467Z] > git show --textconv :themes/install [4ms]
[2022-06-18T13:52:25.468Z] > git ls-files --stage -- /home/nlmz94/Documents/dotfiles/themes/install [1ms]
[2022-06-18T13:52:25.472Z] > git cat-file -s 68cef076810cc7121cd81469f8ad482d1e826033 [0ms]
[2022-06-18T13:52:30.168Z] > git show --textconv :packages [5ms]
[2022-06-18T13:52:30.169Z] > git ls-files --stage -- /home/nlmz94/Documents/dotfiles/packages [1ms]
[2022-06-18T13:52:30.174Z] > git cat-file -s 843fd2b533322fdb1843217749b8fc4a8f2880df [0ms]
[2022-06-18T13:52:40.547Z] > git status -z -uall [122ms]
[2022-06-18T13:52:40.553Z] > git symbolic-ref --short HEAD [1ms]
[2022-06-18T13:52:40.557Z] > git for-each-ref --format=%(refname)%00%(upstream:short)%00%(objectname)%00%(upstream:track)%00%(upstream:remotename)%00%(upstream:remoteref) refs/heads/main refs/remotes/main [1ms]
[2022-06-18T13:52:40.564Z] > git remote --verbose [0ms]
[2022-06-18T13:52:40.565Z] > git for-each-ref --sort -committerdate --format %(refname) %(objectname) %(*objectname) [5ms]
[2022-06-18T13:52:40.570Z] > git config --get commit.template [1ms]
[2022-06-18T13:52:48.961Z] > git status -z -uall [121ms]
[2022-06-18T13:52:48.969Z] > git symbolic-ref --short HEAD [1ms]
[2022-06-18T13:52:48.975Z] > git for-each-ref --format=%(refname)%00%(upstream:short)%00%(objectname)%00%(upstream:track)%00%(upstream:remotename)%00%(upstream:remoteref) refs/heads/main refs/remotes/main [0ms]
[2022-06-18T13:52:48.989Z] > git remote --verbose [1ms]
[2022-06-18T13:52:48.989Z] > git for-each-ref --sort -committerdate --format %(refname) %(objectname) %(*objectname) [7ms]
[2022-06-18T13:52:48.996Z] > git config --get commit.template [1ms]
[2022-06-18T13:52:49.461Z] > git show --textconv :xsessions/install [9ms]
[2022-06-18T13:52:49.462Z] > git ls-files --stage -- /home/nlmz94/Documents/dotfiles/xsessions/install [2ms]
[2022-06-18T13:52:49.470Z] > git cat-file -s 26d7987429f4a93f7821f4ac5bbabd4566e6c1e3 [1ms]
[2022-06-18T13:52:51.937Z] > git show --textconv :themes/install [6ms]
[2022-06-18T13:52:51.938Z] > git ls-files --stage -- /home/nlmz94/Documents/dotfiles/themes/install [1ms]
[2022-06-18T13:52:51.943Z] > git cat-file -s 68cef076810cc7121cd81469f8ad482d1e826033 [1ms]
[2022-06-18T13:52:56.140Z] > git check-ignore -v -z --stdin [1ms]
[2022-06-18T13:53:06.326Z] > git status -z -uall [123ms]
[2022-06-18T13:53:06.331Z] > git symbolic-ref --short HEAD [0ms]
[2022-06-18T13:53:06.335Z] > git for-each-ref --format=%(refname)%00%(upstream:short)%00%(objectname)%00%(upstream:track)%00%(upstream:remotename)%00%(upstream:remoteref) refs/heads/main refs/remotes/main [1ms]
[2022-06-18T13:53:06.342Z] > git remote --verbose [1ms]
[2022-06-18T13:53:06.342Z] > git for-each-ref --sort -committerdate --format %(refname) %(objectname) %(*objectname) [4ms]
[2022-06-18T13:53:06.349Z] > git config --get commit.template [1ms]
[2022-06-18T13:53:11.467Z] > git status -z -uall [112ms]
[2022-06-18T13:53:11.473Z] > git symbolic-ref --short HEAD [0ms]
[2022-06-18T13:53:11.479Z] > git for-each-ref --format=%(refname)%00%(upstream:short)%00%(objectname)%00%(upstream:track)%00%(upstream:remotename)%00%(upstream:remoteref) refs/heads/main refs/remotes/main [0ms]
[2022-06-18T13:53:11.491Z] > git for-each-ref --sort -committerdate --format %(refname) %(objectname) %(*objectname) [6ms]
[2022-06-18T13:53:11.491Z] > git remote --verbose [1ms]
[2022-06-18T13:53:11.502Z] > git config --get commit.template [1ms]
[2022-06-18T13:53:16.364Z] > git fetch [3ms]
[2022-06-18T13:53:16.480Z] > git status -z -uall [110ms]
[2022-06-18T13:53:16.486Z] > git symbolic-ref --short HEAD [0ms]
[2022-06-18T13:53:16.492Z] > git for-each-ref --format=%(refname)%00%(upstream:short)%00%(objectname)%00%(upstream:track)%00%(upstream:remotename)%00%(upstream:remoteref) refs/heads/main refs/remotes/main [1ms]
[2022-06-18T13:53:16.503Z] > git remote --verbose [1ms]
[2022-06-18T13:53:16.503Z] > git for-each-ref --sort -committerdate --format %(refname) %(objectname) %(*objectname) [6ms]
[2022-06-18T13:53:16.514Z] > git config --get commit.template [2ms]
[2022-06-18T13:53:16.700Z] > git status -z -uall [180ms]
[2022-06-18T13:53:16.705Z] > git symbolic-ref --short HEAD [1ms]
[2022-06-18T13:53:16.709Z] > git for-each-ref --format=%(refname)%00%(upstream:short)%00%(objectname)%00%(upstream:track)%00%(upstream:remotename)%00%(upstream:remoteref) refs/heads/main refs/remotes/main [1ms]
[2022-06-18T13:53:16.714Z] > git for-each-ref --sort -committerdate --format %(refname) %(objectname) %(*objectname) [3ms]
[2022-06-18T13:53:16.714Z] > git remote --verbose [0ms]
[2022-06-18T13:53:16.720Z] > git config --get commit.template [0ms]
[2022-06-18T13:53:17.524Z] > git ls-files --stage -- /home/nlmz94/Documents/dotfiles/themes/install [2ms]
[2022-06-18T13:53:17.528Z] > git cat-file -s 68cef076810cc7121cd81469f8ad482d1e826033 [1ms]
[2022-06-18T13:53:17.535Z] > git show --textconv :themes/install [1ms]
[2022-06-18T13:53:21.549Z] > git show --textconv :xsessions/install [4ms]
[2022-06-18T13:53:21.549Z] > git ls-files --stage -- /home/nlmz94/Documents/dotfiles/xsessions/install [1ms]
[2022-06-18T13:53:21.553Z] > git cat-file -s 26d7987429f4a93f7821f4ac5bbabd4566e6c1e3 [0ms]
[2022-06-18T13:53:22.380Z] > git status -z -uall [19ms]
[2022-06-18T13:53:22.386Z] > git symbolic-ref --short HEAD [0ms]
[2022-06-18T13:53:22.392Z] > git for-each-ref --format=%(refname)%00%(upstream:short)%00%(objectname)%00%(upstream:track)%00%(upstream:remotename)%00%(upstream:remoteref) refs/heads/main refs/remotes/main [1ms]
[2022-06-18T13:53:22.404Z] > git remote --verbose [1ms]
[2022-06-18T13:53:22.404Z] > git for-each-ref --sort -committerdate --format %(refname) %(objectname) %(*objectname) [6ms]
[2022-06-18T13:53:22.442Z] > git config --get commit.template [1ms]
[2022-06-18T13:53:29.383Z] > git check-ignore -v -z --stdin [1ms]
[2022-06-18T13:55:54.942Z] > git check-ignore -v -z --stdin [2ms]
[2022-06-18T13:55:58.568Z] > git check-ignore -v -z --stdin [1ms]
[2022-06-18T13:55:59.809Z] > git check-ignore -v -z --stdin [2ms]
[2022-06-18T13:56:01.284Z] > git check-ignore -v -z --stdin [1ms]
[2022-06-18T13:56:02.804Z] > git check-ignore -v -z --stdin [2ms]
[2022-06-18T13:56:03.772Z] > git show --textconv :home/.local/bin/scripts/chwall [5ms]
[2022-06-18T13:56:03.773Z] > git ls-files --stage -- /home/nlmz94/Documents/dotfiles/home/.local/bin/scripts/chwall [1ms]
[2022-06-18T13:56:03.779Z] > git cat-file -s 6a9d9e582f846556a78f60dbb4e0a664c0ecd380 [0ms]
[2022-06-18T13:56:04.265Z] > git show --textconv :home/.local/bin/scripts/color [6ms]
[2022-06-18T13:56:04.266Z] > git ls-files --stage -- /home/nlmz94/Documents/dotfiles/home/.local/bin/scripts/color [1ms]
[2022-06-18T13:56:04.272Z] > git cat-file -s e3288bbc50a01342d49a4b2150ab4988c3c44e38 [1ms]
[2022-06-18T13:56:05.355Z] > git show --textconv :home/.local/bin/scripts/demoji [5ms]
[2022-06-18T13:56:05.356Z] > git ls-files --stage -- /home/nlmz94/Documents/dotfiles/home/.local/bin/scripts/demoji [1ms]
[2022-06-18T13:56:05.362Z] > git cat-file -s 9905675f60cb16472ef6c5e453cb976b66447b4c [1ms]
[2022-06-18T13:56:05.837Z] > git show --textconv :home/.local/bin/scripts/dmenumount [7ms]
[2022-06-18T13:56:05.837Z] > git ls-files --stage -- /home/nlmz94/Documents/dotfiles/home/.local/bin/scripts/dmenumount [1ms]
[2022-06-18T13:56:05.844Z] > git cat-file -s 2125ec4ee5193f511318ad38e552e74dab48b8f0 [1ms]
[2022-06-18T13:56:08.278Z] > git show --textconv :home/.local/bin/scripts/dpass [6ms]
[2022-06-18T13:56:08.279Z] > git ls-files --stage -- /home/nlmz94/Documents/dotfiles/home/.local/bin/scripts/dpass [1ms]
[2022-06-18T13:56:08.284Z] > git cat-file -s 7251c1e42b257bf988b2aaf5f4de837b7d2e1c53 [0ms]
[2022-06-18T13:56:09.056Z] > git show --textconv :home/.local/bin/scripts/dpassmenu [5ms]
[2022-06-18T13:56:09.057Z] > git ls-files --stage -- /home/nlmz94/Documents/dotfiles/home/.local/bin/scripts/dpassmenu [1ms]
[2022-06-18T13:56:09.064Z] > git cat-file -s ad3bee0bb297e56ced2455b7628a6c0619740eb6 [1ms]
[2022-06-18T13:56:11.121Z] > git check-ignore -v -z --stdin [1ms]
[2022-06-18T13:56:38.078Z] > git fetch [3ms]
[2022-06-18T13:56:38.108Z] > git status -z -uall [24ms]
[2022-06-18T13:56:38.114Z] > git symbolic-ref --short HEAD [1ms]
[2022-06-18T13:56:38.118Z] > git for-each-ref --format=%(refname)%00%(upstream:short)%00%(objectname)%00%(upstream:track)%00%(upstream:remotename)%00%(upstream:remoteref) refs/heads/main refs/remotes/main [0ms]
[2022-06-18T13:56:38.128Z] > git for-each-ref --sort -committerdate --format %(refname) %(objectname) %(*objectname) [5ms]
[2022-06-18T13:56:38.128Z] > git remote --verbose [1ms]
[2022-06-18T13:56:38.169Z] > git config --get commit.template [2ms]
[2022-06-18T13:56:40.128Z] > git ls-files --stage -- /home/nlmz94/Documents/dotfiles/home/.local/bin/scripts/dpassmenu [1ms]
[2022-06-18T13:56:40.135Z] > git cat-file -s ad3bee0bb297e56ced2455b7628a6c0619740eb6 [1ms]
[2022-06-18T13:56:40.145Z] > git show --textconv :home/.local/bin/scripts/dpassmenu [1ms]
