[Info  - 12:06:35.55] Reading sessions from keychain...
[Info  - 12:06:35.92] Getting sessions for user:email...
[Info  - 12:06:35.99] Getting sessions for all scopes...
[Info  - 12:06:35.99] Got 0 sessions for user:email...
[Info  - 12:06:35.99] Got 0 sessions for ...
[Info  - 12:06:36.93] Getting sessions for all scopes...
[Info  - 12:06:36.93] Got 0 sessions for ...
[Info  - 12:06:37.50] Getting sessions for user:email...
[Info  - 12:06:37.50] Got 0 sessions for user:email...
[Info  - 12:06:38.313] Logging in for the following scopes: user:email
[Info  - 12:06:38.319] Trying without local server... (user:email)
[Trace  - 12:06:39.217] Handling Uri...
[Info  - 12:06:39.217] Exchanging code for token...
[Info  - 12:06:39.682] Token exchange success!
[Info  - 12:06:39.682] Getting user info...
[Info  - 12:06:39.906] Got account info!
[Info  - 12:06:39.906] Storing 1 sessions...
[Info  - 12:06:45.706] Reading sessions from keychain...
[Info  - 12:06:45.706] Stored 1 sessions!
[Info  - 12:06:45.706] Login success!
[Info  - 12:06:45.709] Getting sessions for user:email...
[Info  - 12:06:45.710] Getting sessions for user:email...
[Trace  - 12:06:45.710] Token acquired from secret storage.
[Info  - 12:06:45.710] Got stored sessions!
[Trace  - 12:06:45.710] Read the following session from the keychain with the following scopes: user:email
[Info  - 12:06:45.710] Got 1 verified sessions.
[Info  - 12:06:45.710] Got 1 sessions for user:email...
[Info  - 12:06:45.710] Got 1 sessions for user:email...
