[2022-06-18T12:58:45.667Z] Log level: Info
[2022-06-18T12:58:45.667Z] [info] Validating found git in: git
[2022-06-18T12:58:45.693Z] [info] Using git 2.36.1 from git
[2022-06-18T12:58:45.714Z] > git rev-parse --show-toplevel [12ms]
[2022-06-18T12:58:46.155Z] > git rev-parse --git-dir --git-common-dir [433ms]
[2022-06-18T12:58:46.158Z] [info] Open repository: /home/nlmz94/Documents/dotfiles
[2022-06-18T12:58:46.307Z] > git status -z -uall [136ms]
[2022-06-18T12:58:46.314Z] > git symbolic-ref --short HEAD [1ms]
[2022-06-18T12:58:46.319Z] > git for-each-ref --format=%(refname)%00%(upstream:short)%00%(objectname)%00%(upstream:track)%00%(upstream:remotename)%00%(upstream:remoteref) refs/heads/main refs/remotes/main [1ms]
[2022-06-18T12:58:46.328Z] > git remote --verbose [1ms]
[2022-06-18T12:58:46.328Z] > git for-each-ref --sort -committerdate --format %(refname) %(objectname) %(*objectname) [5ms]
[2022-06-18T12:58:46.334Z] > git config --get commit.template [1ms]
[2022-06-18T12:58:46.555Z] > git show --textconv :packages [8ms]
[2022-06-18T12:58:46.556Z] > git ls-files --stage -- /home/nlmz94/Documents/dotfiles/packages [2ms]
[2022-06-18T12:58:46.562Z] > git cat-file -s 843fd2b533322fdb1843217749b8fc4a8f2880df [0ms]
[2022-06-18T12:58:46.670Z] > git fetch [504ms]
[2022-06-18T12:58:46.686Z] > git check-ignore -v -z --stdin [2ms]
[2022-06-18T12:58:46.798Z] > git status -z -uall [121ms]
[2022-06-18T12:58:46.805Z] > git symbolic-ref --short HEAD [1ms]
[2022-06-18T12:58:46.813Z] > git for-each-ref --format=%(refname)%00%(upstream:short)%00%(objectname)%00%(upstream:track)%00%(upstream:remotename)%00%(upstream:remoteref) refs/heads/main refs/remotes/main [2ms]
[2022-06-18T12:58:46.826Z] > git remote --verbose [1ms]
[2022-06-18T12:58:46.826Z] > git for-each-ref --sort -committerdate --format %(refname) %(objectname) %(*objectname) [6ms]
[2022-06-18T12:58:46.834Z] > git config --get commit.template [1ms]
[2022-06-18T12:58:47.831Z] > git ls-files --stage -- /home/nlmz94/Documents/dotfiles/packages [1ms]
[2022-06-18T12:58:47.840Z] > git cat-file -s 843fd2b533322fdb1843217749b8fc4a8f2880df [1ms]
[2022-06-18T12:58:47.851Z] > git show --textconv :packages [1ms]
[2022-06-18T13:00:01.319Z] > git check-ignore -v -z --stdin [2ms]
[2022-06-18T13:00:02.210Z] > git check-ignore -v -z --stdin [3ms]
[2022-06-18T13:00:03.220Z] > git check-ignore -v -z --stdin [1ms]
[2022-06-18T13:00:06.359Z] > git check-ignore -v -z --stdin [1ms]
[2022-06-18T13:00:07.384Z] > git show --textconv :home/.config/alacritty/alacritty.yml [3ms]
[2022-06-18T13:00:07.385Z] > git ls-files --stage -- /home/nlmz94/Documents/dotfiles/home/.config/alacritty/alacritty.yml [1ms]
[2022-06-18T13:00:07.389Z] > git cat-file -s 92956868c9a17aa05ff0976ea1dbe1231f52cb2e [1ms]
[2022-06-18T13:00:19.391Z] > git show --textconv :home/.config/alacritty/fonts.yml [5ms]
[2022-06-18T13:00:19.392Z] > git ls-files --stage -- /home/nlmz94/Documents/dotfiles/home/.config/alacritty/fonts.yml [1ms]
[2022-06-18T13:00:19.398Z] > git cat-file -s 8062ad97cda5ff4090a3d3bc24a883c8034045a6 [0ms]
[2022-06-18T13:01:26.982Z] > git show --textconv :home/.config/alacritty/alacritty.yml [6ms]
[2022-06-18T13:01:26.982Z] > git ls-files --stage -- /home/nlmz94/Documents/dotfiles/home/.config/alacritty/alacritty.yml [1ms]
[2022-06-18T13:01:26.988Z] > git cat-file -s 92956868c9a17aa05ff0976ea1dbe1231f52cb2e [0ms]
[2022-06-18T13:01:30.657Z] > git show --textconv :home/.config/alacritty/fonts.yml [6ms]
[2022-06-18T13:01:30.657Z] > git ls-files --stage -- /home/nlmz94/Documents/dotfiles/home/.config/alacritty/fonts.yml [1ms]
[2022-06-18T13:01:30.665Z] > git cat-file -s 8062ad97cda5ff4090a3d3bc24a883c8034045a6 [1ms]
[2022-06-18T13:01:35.032Z] > git show --textconv :packages [4ms]
[2022-06-18T13:01:35.033Z] > git ls-files --stage -- /home/nlmz94/Documents/dotfiles/packages [1ms]
[2022-06-18T13:01:35.037Z] > git cat-file -s 843fd2b533322fdb1843217749b8fc4a8f2880df [0ms]
[2022-06-18T13:01:47.314Z] > git fetch [471ms]
[2022-06-18T13:01:47.441Z] > git status -z -uall [121ms]
[2022-06-18T13:01:47.447Z] > git symbolic-ref --short HEAD [0ms]
[2022-06-18T13:01:47.454Z] > git for-each-ref --format=%(refname)%00%(upstream:short)%00%(objectname)%00%(upstream:track)%00%(upstream:remotename)%00%(upstream:remoteref) refs/heads/main refs/remotes/main [1ms]
[2022-06-18T13:01:47.466Z] > git remote --verbose [1ms]
[2022-06-18T13:01:47.466Z] > git for-each-ref --sort -committerdate --format %(refname) %(objectname) %(*objectname) [6ms]
[2022-06-18T13:01:47.479Z] > git config --get commit.template [1ms]
[2022-06-18T13:01:48.475Z] > git ls-files --stage -- /home/nlmz94/Documents/dotfiles/packages [2ms]
[2022-06-18T13:01:48.481Z] > git cat-file -s 843fd2b533322fdb1843217749b8fc4a8f2880df [0ms]
[2022-06-18T13:01:48.494Z] > git show --textconv :packages [1ms]
[2022-06-18T13:03:12.503Z] > git show --textconv :xsessions/install [6ms]
[2022-06-18T13:03:12.503Z] > git ls-files --stage -- /home/nlmz94/Documents/dotfiles/xsessions/install [1ms]
[2022-06-18T13:03:12.510Z] > git cat-file -s 26d7987429f4a93f7821f4ac5bbabd4566e6c1e3 [1ms]
[2022-06-18T13:03:13.139Z] > git show --textconv :packages [7ms]
[2022-06-18T13:03:13.139Z] > git ls-files --stage -- /home/nlmz94/Documents/dotfiles/packages [1ms]
[2022-06-18T13:03:13.146Z] > git cat-file -s 843fd2b533322fdb1843217749b8fc4a8f2880df [0ms]
[2022-06-18T13:03:13.914Z] > git show --textconv :xsessions/install [6ms]
[2022-06-18T13:03:13.915Z] > git ls-files --stage -- /home/nlmz94/Documents/dotfiles/xsessions/install [1ms]
[2022-06-18T13:03:13.921Z] > git cat-file -s 26d7987429f4a93f7821f4ac5bbabd4566e6c1e3 [0ms]
[2022-06-18T13:03:57.102Z] > git status -z -uall [129ms]
[2022-06-18T13:03:57.109Z] > git symbolic-ref --short HEAD [1ms]
[2022-06-18T13:03:57.116Z] > git for-each-ref --format=%(refname)%00%(upstream:short)%00%(objectname)%00%(upstream:track)%00%(upstream:remotename)%00%(upstream:remoteref) refs/heads/main refs/remotes/main [1ms]
[2022-06-18T13:03:57.126Z] > git for-each-ref --sort -committerdate --format %(refname) %(objectname) %(*objectname) [5ms]
[2022-06-18T13:03:57.127Z] > git remote --verbose [2ms]
[2022-06-18T13:03:57.135Z] > git config --get commit.template [1ms]
[2022-06-18T13:04:00.142Z] > git show --textconv :packages [6ms]
[2022-06-18T13:04:00.143Z] > git ls-files --stage -- /home/nlmz94/Documents/dotfiles/packages [1ms]
[2022-06-18T13:04:00.149Z] > git cat-file -s 843fd2b533322fdb1843217749b8fc4a8f2880df [0ms]
[2022-06-18T13:04:28.140Z] > git status -z -uall [138ms]
[2022-06-18T13:04:28.148Z] > git symbolic-ref --short HEAD [1ms]
[2022-06-18T13:04:28.155Z] > git for-each-ref --format=%(refname)%00%(upstream:short)%00%(objectname)%00%(upstream:track)%00%(upstream:remotename)%00%(upstream:remoteref) refs/heads/main refs/remotes/main [1ms]
[2022-06-18T13:04:28.166Z] > git remote --verbose [1ms]
[2022-06-18T13:04:28.166Z] > git for-each-ref --sort -committerdate --format %(refname) %(objectname) %(*objectname) [6ms]
[2022-06-18T13:04:28.174Z] > git config --get commit.template [0ms]
[2022-06-18T13:04:47.971Z] > git fetch [484ms]
[2022-06-18T13:04:48.097Z] > git status -z -uall [120ms]
[2022-06-18T13:04:48.103Z] > git symbolic-ref --short HEAD [1ms]
[2022-06-18T13:04:48.108Z] > git for-each-ref --format=%(refname)%00%(upstream:short)%00%(objectname)%00%(upstream:track)%00%(upstream:remotename)%00%(upstream:remoteref) refs/heads/main refs/remotes/main [0ms]
[2022-06-18T13:04:48.121Z] > git for-each-ref --sort -committerdate --format %(refname) %(objectname) %(*objectname) [6ms]
[2022-06-18T13:04:48.121Z] > git remote --verbose [0ms]
[2022-06-18T13:04:48.128Z] > git config --get commit.template [1ms]
[2022-06-18T13:04:49.157Z] > git ls-files --stage -- /home/nlmz94/Documents/dotfiles/packages [1ms]
[2022-06-18T13:04:49.164Z] > git cat-file -s 843fd2b533322fdb1843217749b8fc4a8f2880df [1ms]
[2022-06-18T13:04:49.174Z] > git show --textconv :packages [1ms]
[2022-06-18T13:05:27.645Z] > git status -z -uall [120ms]
[2022-06-18T13:05:27.651Z] > git symbolic-ref --short HEAD [0ms]
[2022-06-18T13:05:27.657Z] > git for-each-ref --format=%(refname)%00%(upstream:short)%00%(objectname)%00%(upstream:track)%00%(upstream:remotename)%00%(upstream:remoteref) refs/heads/main refs/remotes/main [0ms]
[2022-06-18T13:05:27.668Z] > git for-each-ref --sort -committerdate --format %(refname) %(objectname) %(*objectname) [6ms]
[2022-06-18T13:05:27.669Z] > git remote --verbose [1ms]
[2022-06-18T13:05:27.675Z] > git config --get commit.template [1ms]
[2022-06-18T13:06:08.371Z] > git status -z -uall [121ms]
[2022-06-18T13:06:08.380Z] > git symbolic-ref --short HEAD [1ms]
[2022-06-18T13:06:08.386Z] > git for-each-ref --format=%(refname)%00%(upstream:short)%00%(objectname)%00%(upstream:track)%00%(upstream:remotename)%00%(upstream:remoteref) refs/heads/main refs/remotes/main [1ms]
[2022-06-18T13:06:08.393Z] > git for-each-ref --sort -committerdate --format %(refname) %(objectname) %(*objectname) [4ms]
[2022-06-18T13:06:08.394Z] > git remote --verbose [1ms]
[2022-06-18T13:06:08.401Z] > git config --get commit.template [1ms]
[2022-06-18T13:06:37.829Z] > git status -z -uall [125ms]
[2022-06-18T13:06:37.836Z] > git symbolic-ref --short HEAD [1ms]
[2022-06-18T13:06:37.842Z] > git for-each-ref --format=%(refname)%00%(upstream:short)%00%(objectname)%00%(upstream:track)%00%(upstream:remotename)%00%(upstream:remoteref) refs/heads/main refs/remotes/main [1ms]
[2022-06-18T13:06:37.854Z] > git remote --verbose [1ms]
[2022-06-18T13:06:37.854Z] > git for-each-ref --sort -committerdate --format %(refname) %(objectname) %(*objectname) [7ms]
[2022-06-18T13:06:37.863Z] > git config --get commit.template [0ms]
[2022-06-18T13:07:01.036Z] > git show --textconv :xsessions/install [9ms]
[2022-06-18T13:07:01.037Z] > git ls-files --stage -- /home/nlmz94/Documents/dotfiles/xsessions/install [2ms]
[2022-06-18T13:07:01.046Z] > git cat-file -s 26d7987429f4a93f7821f4ac5bbabd4566e6c1e3 [1ms]
[2022-06-18T13:07:02.843Z] > git check-ignore -v -z --stdin [2ms]
[2022-06-18T13:07:03.893Z] > git show --textconv :x11/install [6ms]
[2022-06-18T13:07:03.894Z] > git ls-files --stage -- /home/nlmz94/Documents/dotfiles/x11/install [1ms]
[2022-06-18T13:07:03.900Z] > git cat-file -s a27c8a1a6b2e28caa794f458b5f34b90921b0b52 [0ms]
[2022-06-18T13:07:13.833Z] > git check-ignore -v -z --stdin [2ms]
[2022-06-18T13:07:14.863Z] > git show --textconv :themes/install [7ms]
[2022-06-18T13:07:14.864Z] > git ls-files --stage -- /home/nlmz94/Documents/dotfiles/themes/install [2ms]
[2022-06-18T13:07:14.871Z] > git cat-file -s 68cef076810cc7121cd81469f8ad482d1e826033 [1ms]
[2022-06-18T13:07:21.459Z] > git check-ignore -v -z --stdin [2ms]
[2022-06-18T13:07:27.963Z] > git check-ignore -v -z --stdin [2ms]
[2022-06-18T13:07:34.246Z] > git show --textconv :home/.profile [6ms]
[2022-06-18T13:07:34.247Z] > git ls-files --stage -- /home/nlmz94/Documents/dotfiles/home/.profile [1ms]
[2022-06-18T13:07:34.253Z] > git cat-file -s fd946c91b7d303604728c7b49bc415a3196feb33 [1ms]
[2022-06-18T13:07:47.705Z] > git show --textconv :home/install [6ms]
[2022-06-18T13:07:47.706Z] > git ls-files --stage -- /home/nlmz94/Documents/dotfiles/home/install [1ms]
[2022-06-18T13:07:47.711Z] > git cat-file -s 1a4c3ecd2a96708241a4e172da171c2d110da4fd [1ms]
[2022-06-18T13:07:48.614Z] > git fetch [478ms]
[2022-06-18T13:07:48.742Z] > git status -z -uall [121ms]
[2022-06-18T13:07:48.750Z] > git symbolic-ref --short HEAD [1ms]
[2022-06-18T13:07:48.757Z] > git for-each-ref --format=%(refname)%00%(upstream:short)%00%(objectname)%00%(upstream:track)%00%(upstream:remotename)%00%(upstream:remoteref) refs/heads/main refs/remotes/main [1ms]
[2022-06-18T13:07:48.767Z] > git for-each-ref --sort -committerdate --format %(refname) %(objectname) %(*objectname) [5ms]
[2022-06-18T13:07:48.767Z] > git remote --verbose [0ms]
[2022-06-18T13:07:48.773Z] > git config --get commit.template [1ms]
[2022-06-18T13:07:49.779Z] > git ls-files --stage -- /home/nlmz94/Documents/dotfiles/home/install [1ms]
[2022-06-18T13:07:49.787Z] > git cat-file -s 1a4c3ecd2a96708241a4e172da171c2d110da4fd [1ms]
[2022-06-18T13:07:49.798Z] > git show --textconv :home/install [1ms]
